nohup: ignoring input
================================================================================
JAHS-BENCH-201 BENCHMARK WITH CHECKPOINTS
================================================================================
Task: fashion_mnist
Max Budget: 2000
Checkpoints: [100, 200, 400, 600, 800, 1000, 1500, 2000]
Seeds: 10 (starting from 0)
Optimizers: ['Random', 'Optuna_TPE', 'TuRBO_M', 'ALBA']
Smoke Test: False
Output: /mnt/workspace/thesis/results/jahs_checkpoints/benchmark_fashion_mnist_20251228_165057.txt
================================================================================

Initializing JAHS-Bench-201...
Config space dimension: 13

============================================================
Running Random...
============================================================

  [1/40] Random seed=0
    Final: 0.049009 | Time: 5.3s
    Checkpoints: @100:0.0547 | @200:0.0533 | @400:0.0505 | @600:0.0505 | @800:0.0505 | @1000:0.0505 | @1500:0.0490 | @2000:0.0490

  [2/40] Random seed=1
    Final: 0.049112 | Time: 5.2s
    Checkpoints: @100:0.0586 | @200:0.0522 | @400:0.0522 | @600:0.0522 | @800:0.0511 | @1000:0.0503 | @1500:0.0491 | @2000:0.0491

  [3/40] Random seed=2
    Final: 0.049499 | Time: 5.2s
    Checkpoints: @100:0.0524 | @200:0.0524 | @400:0.0495 | @600:0.0495 | @800:0.0495 | @1000:0.0495 | @1500:0.0495 | @2000:0.0495

  [4/40] Random seed=3
    Final: 0.049213 | Time: 5.2s
    Checkpoints: @100:0.0557 | @200:0.0538 | @400:0.0495 | @600:0.0495 | @800:0.0495 | @1000:0.0492 | @1500:0.0492 | @2000:0.0492

  [5/40] Random seed=4
    Final: 0.047724 | Time: 4.9s
    Checkpoints: @100:0.0499 | @200:0.0499 | @400:0.0499 | @600:0.0499 | @800:0.0499 | @1000:0.0499 | @1500:0.0499 | @2000:0.0477

  [6/40] Random seed=5
    Final: 0.049232 | Time: 5.0s
    Checkpoints: @100:0.0492 | @200:0.0492 | @400:0.0492 | @600:0.0492 | @800:0.0492 | @1000:0.0492 | @1500:0.0492 | @2000:0.0492

  [7/40] Random seed=6
    Final: 0.048585 | Time: 5.0s
    Checkpoints: @100:0.0533 | @200:0.0533 | @400:0.0533 | @600:0.0506 | @800:0.0506 | @1000:0.0502 | @1500:0.0486 | @2000:0.0486

  [8/40] Random seed=7
    Final: 0.048823 | Time: 5.0s
    Checkpoints: @100:0.0523 | @200:0.0488 | @400:0.0488 | @600:0.0488 | @800:0.0488 | @1000:0.0488 | @1500:0.0488 | @2000:0.0488

  [9/40] Random seed=8
    Final: 0.047950 | Time: 5.2s
    Checkpoints: @100:0.0576 | @200:0.0506 | @400:0.0482 | @600:0.0482 | @800:0.0481 | @1000:0.0481 | @1500:0.0481 | @2000:0.0479

  [10/40] Random seed=9
    Final: 0.049470 | Time: 5.0s
    Checkpoints: @100:0.0550 | @200:0.0536 | @400:0.0495 | @600:0.0495 | @800:0.0495 | @1000:0.0495 | @1500:0.0495 | @2000:0.0495

  Random Summary:
    @100: 0.053874 ± 0.002884
    @200: 0.051711 ± 0.001799
    @400: 0.050061 ± 0.001469
    @600: 0.049795 ± 0.001044
    @800: 0.049677 ± 0.000843
    @1000: 0.049528 ± 0.000699
    @1500: 0.049100 ± 0.000488
    @2000: 0.048862 ± 0.000577

============================================================
Running Optuna_TPE...
============================================================

  [11/40] Optuna_TPE seed=0
    Final: 0.046475 | Time: 52.0s
    Checkpoints: @100:0.0477 | @200:0.0476 | @400:0.0471 | @600:0.0467 | @800:0.0465 | @1000:0.0465 | @1500:0.0465 | @2000:0.0465

  [12/40] Optuna_TPE seed=1
    Final: 0.046926 | Time: 52.0s
    Checkpoints: @100:0.0493 | @200:0.0483 | @400:0.0475 | @600:0.0475 | @800:0.0475 | @1000:0.0475 | @1500:0.0469 | @2000:0.0469

  [13/40] Optuna_TPE seed=2
    Final: 0.046315 | Time: 51.8s
    Checkpoints: @100:0.0517 | @200:0.0481 | @400:0.0468 | @600:0.0467 | @800:0.0467 | @1000:0.0467 | @1500:0.0463 | @2000:0.0463

  [14/40] Optuna_TPE seed=3
    Final: 0.046924 | Time: 52.0s
    Checkpoints: @100:0.0492 | @200:0.0478 | @400:0.0474 | @600:0.0474 | @800:0.0469 | @1000:0.0469 | @1500:0.0469 | @2000:0.0469

  [15/40] Optuna_TPE seed=4
    Final: 0.046060 | Time: 52.0s
    Checkpoints: @100:0.0473 | @200:0.0471 | @400:0.0468 | @600:0.0464 | @800:0.0464 | @1000:0.0464 | @1500:0.0463 | @2000:0.0461

  [16/40] Optuna_TPE seed=5
    Final: 0.046040 | Time: 51.9s
    Checkpoints: @100:0.0483 | @200:0.0478 | @400:0.0471 | @600:0.0463 | @800:0.0463 | @1000:0.0463 | @1500:0.0463 | @2000:0.0460

  [17/40] Optuna_TPE seed=6
    Final: 0.046017 | Time: 52.0s
    Checkpoints: @100:0.0482 | @200:0.0478 | @400:0.0465 | @600:0.0465 | @800:0.0465 | @1000:0.0465 | @1500:0.0462 | @2000:0.0460

  [18/40] Optuna_TPE seed=7
    Final: 0.046111 | Time: 52.0s
    Checkpoints: @100:0.0477 | @200:0.0471 | @400:0.0471 | @600:0.0471 | @800:0.0466 | @1000:0.0466 | @1500:0.0461 | @2000:0.0461

  [19/40] Optuna_TPE seed=8
    Final: 0.045906 | Time: 51.8s
    Checkpoints: @100:0.0498 | @200:0.0480 | @400:0.0459 | @600:0.0459 | @800:0.0459 | @1000:0.0459 | @1500:0.0459 | @2000:0.0459

  [20/40] Optuna_TPE seed=9
    Final: 0.045902 | Time: 51.8s
    Checkpoints: @100:0.0509 | @200:0.0476 | @400:0.0470 | @600:0.0463 | @800:0.0462 | @1000:0.0462 | @1500:0.0459 | @2000:0.0459

  Optuna_TPE Summary:
    @100: 0.049009 ± 0.001393
    @200: 0.047718 ± 0.000348
    @400: 0.046924 ± 0.000445
    @600: 0.046690 ± 0.000501
    @800: 0.046552 ± 0.000417
    @1000: 0.046552 ± 0.000417
    @1500: 0.046335 ± 0.000341
    @2000: 0.046268 ± 0.000368

============================================================
Running TuRBO_M...
============================================================

  [21/40] TuRBO_M seed=0
    Final: 0.046293 | Time: 329.2s
    Checkpoints: @100:0.0501 | @200:0.0490 | @400:0.0471 | @600:0.0463 | @800:0.0463 | @1000:0.0463 | @1500:0.0463 | @2000:0.0463

  [22/40] TuRBO_M seed=1
    Final: 0.046517 | Time: 326.3s
    Checkpoints: @100:0.0536 | @200:0.0506 | @400:0.0494 | @600:0.0471 | @800:0.0471 | @1000:0.0471 | @1500:0.0465 | @2000:0.0465

  [23/40] TuRBO_M seed=2
    Final: 0.045986 | Time: 334.2s
    Checkpoints: @100:0.0521 | @200:0.0494 | @400:0.0474 | @600:0.0474 | @800:0.0471 | @1000:0.0471 | @1500:0.0460 | @2000:0.0460

  [24/40] TuRBO_M seed=3
    Final: 0.046050 | Time: 333.7s
    Checkpoints: @100:0.0515 | @200:0.0487 | @400:0.0474 | @600:0.0471 | @800:0.0469 | @1000:0.0469 | @1500:0.0460 | @2000:0.0460

  [25/40] TuRBO_M seed=4
    Final: 0.046600 | Time: 322.1s
    Checkpoints: @100:0.0527 | @200:0.0515 | @400:0.0473 | @600:0.0473 | @800:0.0468 | @1000:0.0466 | @1500:0.0466 | @2000:0.0466

  [26/40] TuRBO_M seed=5
    Final: 0.046764 | Time: 328.2s
    Checkpoints: @100:0.0495 | @200:0.0481 | @400:0.0480 | @600:0.0477 | @800:0.0476 | @1000:0.0476 | @1500:0.0468 | @2000:0.0468

  [27/40] TuRBO_M seed=6
    Final: 0.046705 | Time: 331.4s
    Checkpoints: @100:0.0498 | @200:0.0498 | @400:0.0483 | @600:0.0481 | @800:0.0479 | @1000:0.0475 | @1500:0.0474 | @2000:0.0467

  [28/40] TuRBO_M seed=7
    Final: 0.045763 | Time: 325.5s
    Checkpoints: @100:0.0520 | @200:0.0485 | @400:0.0480 | @600:0.0458 | @800:0.0458 | @1000:0.0458 | @1500:0.0458 | @2000:0.0458

  [29/40] TuRBO_M seed=8
    Final: 0.046712 | Time: 324.0s
    Checkpoints: @100:0.0560 | @200:0.0517 | @400:0.0468 | @600:0.0468 | @800:0.0468 | @1000:0.0468 | @1500:0.0467 | @2000:0.0467

  [30/40] TuRBO_M seed=9
    Final: 0.046388 | Time: 327.7s
    Checkpoints: @100:0.0547 | @200:0.0512 | @400:0.0478 | @600:0.0472 | @800:0.0472 | @1000:0.0472 | @1500:0.0464 | @2000:0.0464

  TuRBO_M Summary:
    @100: 0.052197 ± 0.002019
    @200: 0.049847 ± 0.001253
    @400: 0.047762 ± 0.000706
    @600: 0.047081 ± 0.000636
    @800: 0.046954 ± 0.000576
    @1000: 0.046881 ± 0.000522
    @1500: 0.046446 ± 0.000442
    @2000: 0.046378 ± 0.000329

============================================================
Running ALBA...
============================================================

  [31/40] ALBA seed=0
    Final: 0.047160 | Time: 12.4s
    Checkpoints: @100:0.0528 | @200:0.0500 | @400:0.0486 | @600:0.0477 | @800:0.0477 | @1000:0.0477 | @1500:0.0477 | @2000:0.0472

  [32/40] ALBA seed=1
    Final: 0.046448 | Time: 12.7s
    Checkpoints: @100:0.0519 | @200:0.0498 | @400:0.0481 | @600:0.0481 | @800:0.0481 | @1000:0.0473 | @1500:0.0467 | @2000:0.0464

  [33/40] ALBA seed=2
    Final: 0.047507 | Time: 12.6s
    Checkpoints: @100:0.0511 | @200:0.0508 | @400:0.0503 | @600:0.0485 | @800:0.0475 | @1000:0.0475 | @1500:0.0475 | @2000:0.0475

  [34/40] ALBA seed=3
    Final: 0.046593 | Time: 12.9s
    Checkpoints: @100:0.0481 | @200:0.0481 | @400:0.0481 | @600:0.0471 | @800:0.0471 | @1000:0.0471 | @1500:0.0471 | @2000:0.0466

  [35/40] ALBA seed=4
    Final: 0.046780 | Time: 12.5s
    Checkpoints: @100:0.0481 | @200:0.0481 | @400:0.0481 | @600:0.0474 | @800:0.0474 | @1000:0.0469 | @1500:0.0469 | @2000:0.0468

  [36/40] ALBA seed=5
    Final: 0.047328 | Time: 12.6s
    Checkpoints: @100:0.0511 | @200:0.0496 | @400:0.0474 | @600:0.0474 | @800:0.0474 | @1000:0.0474 | @1500:0.0474 | @2000:0.0473

  [37/40] ALBA seed=6
    Final: 0.046806 | Time: 12.5s
    Checkpoints: @100:0.0495 | @200:0.0495 | @400:0.0483 | @600:0.0482 | @800:0.0482 | @1000:0.0482 | @1500:0.0479 | @2000:0.0468

  [38/40] ALBA seed=7
    Final: 0.046797 | Time: 12.7s
    Checkpoints: @100:0.0495 | @200:0.0495 | @400:0.0475 | @600:0.0475 | @800:0.0475 | @1000:0.0475 | @1500:0.0472 | @2000:0.0468

  [39/40] ALBA seed=8
    Final: 0.046788 | Time: 12.9s
    Checkpoints: @100:0.0516 | @200:0.0512 | @400:0.0495 | @600:0.0495 | @800:0.0478 | @1000:0.0478 | @1500:0.0478 | @2000:0.0468

  [40/40] ALBA seed=9
    Final: 0.046514 | Time: 12.6s
    Checkpoints: @100:0.0475 | @200:0.0475 | @400:0.0471 | @600:0.0471 | @800:0.0471 | @1000:0.0471 | @1500:0.0465 | @2000:0.0465

  ALBA Summary:
    @100: 0.050123 ± 0.001746
    @200: 0.049396 ± 0.001116
    @400: 0.048290 ± 0.000932
    @600: 0.047834 ± 0.000717
    @800: 0.047565 ± 0.000355
    @1000: 0.047443 ± 0.000363
    @1500: 0.047269 ± 0.000442
    @2000: 0.046872 ± 0.000332

================================================================================
FINAL RESULTS - CHECKPOINT COMPARISON
================================================================================
Optimizer       | @ 100 | @ 200 | @ 400 | @ 600 | @ 800 | @1000 | @1500 | @2000
-------------------------------------------------------------------------------
Random          | 0.0539 | 0.0517 | 0.0501 | 0.0498 | 0.0497 | 0.0495 | 0.0491 | 0.0489 | 
Optuna_TPE      | 0.0490 | 0.0477 | 0.0469 | 0.0467 | 0.0466 | 0.0466 | 0.0463 | 0.0463 | 
TuRBO_M         | 0.0522 | 0.0498 | 0.0478 | 0.0471 | 0.0470 | 0.0469 | 0.0464 | 0.0464 | 
ALBA            | 0.0501 | 0.0494 | 0.0483 | 0.0478 | 0.0476 | 0.0474 | 0.0473 | 0.0469 | 

------------------------------------------------------------
RANKING PER CHECKPOINT
------------------------------------------------------------

@100 evaluations:
  1. Optuna_TPE     : 0.049009 ± 0.001393
  2. ALBA           : 0.050123 ± 0.001746
  3. TuRBO_M        : 0.052197 ± 0.002019
  4. Random         : 0.053874 ± 0.002884

@200 evaluations:
  1. Optuna_TPE     : 0.047718 ± 0.000348
  2. ALBA           : 0.049396 ± 0.001116
  3. TuRBO_M        : 0.049847 ± 0.001253
  4. Random         : 0.051711 ± 0.001799

@400 evaluations:
  1. Optuna_TPE     : 0.046924 ± 0.000445
  2. TuRBO_M        : 0.047762 ± 0.000706
  3. ALBA           : 0.048290 ± 0.000932
  4. Random         : 0.050061 ± 0.001469

@600 evaluations:
  1. Optuna_TPE     : 0.046690 ± 0.000501
  2. TuRBO_M        : 0.047081 ± 0.000636
  3. ALBA           : 0.047834 ± 0.000717
  4. Random         : 0.049795 ± 0.001044

@800 evaluations:
  1. Optuna_TPE     : 0.046552 ± 0.000417
  2. TuRBO_M        : 0.046954 ± 0.000576
  3. ALBA           : 0.047565 ± 0.000355
  4. Random         : 0.049677 ± 0.000843

@1000 evaluations:
  1. Optuna_TPE     : 0.046552 ± 0.000417
  2. TuRBO_M        : 0.046881 ± 0.000522
  3. ALBA           : 0.047443 ± 0.000363
  4. Random         : 0.049528 ± 0.000699

@1500 evaluations:
  1. Optuna_TPE     : 0.046335 ± 0.000341
  2. TuRBO_M        : 0.046446 ± 0.000442
  3. ALBA           : 0.047269 ± 0.000442
  4. Random         : 0.049100 ± 0.000488

@2000 evaluations:
  1. Optuna_TPE     : 0.046268 ± 0.000368
  2. TuRBO_M        : 0.046378 ± 0.000329
  3. ALBA           : 0.046872 ± 0.000332
  4. Random         : 0.048862 ± 0.000577
  Plot saved: /mnt/workspace/thesis/results/jahs_checkpoints/convergence_fashion_mnist_20251228_165057.png

JSON results saved: /mnt/workspace/thesis/results/jahs_checkpoints/results_fashion_mnist_20251228_165057.json

================================================================================
BENCHMARK COMPLETED
================================================================================
