nohup: ignoring input
================================================================================
JAHS-BENCH-201 BENCHMARK WITH CHECKPOINTS
================================================================================
Task: cifar10
Max Budget: 1000
Checkpoints: [100, 200, 400, 600, 800, 1000]
Seeds: 10 (starting from 0)
Optimizers: ['Random', 'Optuna_TPE', 'TuRBO_M', 'ALBA']
Smoke Test: False
Output: /mnt/workspace/thesis/results/jahs_checkpoints/benchmark_cifar10_20251228_141047.txt
================================================================================

Initializing JAHS-Bench-201...
Config space dimension: 13

============================================================
Running Random...
============================================================

  [1/40] Random seed=0
    Final: 0.091693 | Time: 2.7s
    Checkpoints: @100:0.1042 | @200:0.1042 | @400:0.1042 | @600:0.0958 | @800:0.0917 | @1000:0.0917

  [2/40] Random seed=1
    Final: 0.086173 | Time: 2.7s
    Checkpoints: @100:0.0862 | @200:0.0862 | @400:0.0862 | @600:0.0862 | @800:0.0862 | @1000:0.0862

  [3/40] Random seed=2
    Final: 0.096518 | Time: 2.6s
    Checkpoints: @100:0.0965 | @200:0.0965 | @400:0.0965 | @600:0.0965 | @800:0.0965 | @1000:0.0965

  [4/40] Random seed=3
    Final: 0.086107 | Time: 2.6s
    Checkpoints: @100:0.1089 | @200:0.1072 | @400:0.0861 | @600:0.0861 | @800:0.0861 | @1000:0.0861

  [5/40] Random seed=4
    Final: 0.102379 | Time: 2.7s
    Checkpoints: @100:0.1165 | @200:0.1156 | @400:0.1085 | @600:0.1035 | @800:0.1035 | @1000:0.1024

  [6/40] Random seed=5
    Final: 0.093940 | Time: 2.7s
    Checkpoints: @100:0.1136 | @200:0.0939 | @400:0.0939 | @600:0.0939 | @800:0.0939 | @1000:0.0939

  [7/40] Random seed=6
    Final: 0.092048 | Time: 2.6s
    Checkpoints: @100:0.1072 | @200:0.1072 | @400:0.0920 | @600:0.0920 | @800:0.0920 | @1000:0.0920

  [8/40] Random seed=7
    Final: 0.091440 | Time: 2.7s
    Checkpoints: @100:0.1086 | @200:0.0965 | @400:0.0965 | @600:0.0965 | @800:0.0965 | @1000:0.0914

  [9/40] Random seed=8
    Final: 0.097879 | Time: 2.6s
    Checkpoints: @100:0.0994 | @200:0.0994 | @400:0.0994 | @600:0.0979 | @800:0.0979 | @1000:0.0979

  [10/40] Random seed=9
    Final: 0.102742 | Time: 2.6s
    Checkpoints: @100:0.1290 | @200:0.1173 | @400:0.1035 | @600:0.1027 | @800:0.1027 | @1000:0.1027

  Random Summary:
    @100: 0.107002 ± 0.011095
    @200: 0.102406 ± 0.009280
    @400: 0.096690 ± 0.007089
    @600: 0.095109 ± 0.005584
    @800: 0.094703 ± 0.005669
    @1000: 0.094092 ± 0.005542

============================================================
Running Optuna_TPE...
============================================================

  [11/40] Optuna_TPE seed=0
    Final: 0.081429 | Time: 16.9s
    Checkpoints: @100:0.0866 | @200:0.0858 | @400:0.0834 | @600:0.0818 | @800:0.0817 | @1000:0.0814

  [12/40] Optuna_TPE seed=1
    Final: 0.083568 | Time: 16.3s
    Checkpoints: @100:0.0990 | @200:0.0941 | @400:0.0845 | @600:0.0845 | @800:0.0845 | @1000:0.0836

  [13/40] Optuna_TPE seed=2
    Final: 0.082900 | Time: 16.3s
    Checkpoints: @100:0.0961 | @200:0.0848 | @400:0.0848 | @600:0.0845 | @800:0.0843 | @1000:0.0829

  [14/40] Optuna_TPE seed=3
    Final: 0.082377 | Time: 16.2s
    Checkpoints: @100:0.0924 | @200:0.0874 | @400:0.0835 | @600:0.0832 | @800:0.0824 | @1000:0.0824

  [15/40] Optuna_TPE seed=4
    Final: 0.082604 | Time: 16.3s
    Checkpoints: @100:0.0898 | @200:0.0848 | @400:0.0831 | @600:0.0831 | @800:0.0827 | @1000:0.0826

  [16/40] Optuna_TPE seed=5
    Final: 0.080487 | Time: 16.3s
    Checkpoints: @100:0.0906 | @200:0.0877 | @400:0.0838 | @600:0.0813 | @800:0.0813 | @1000:0.0805

  [17/40] Optuna_TPE seed=6
    Final: 0.083030 | Time: 16.5s
    Checkpoints: @100:0.0939 | @200:0.0884 | @400:0.0857 | @600:0.0857 | @800:0.0857 | @1000:0.0830

  [18/40] Optuna_TPE seed=7
    Final: 0.085954 | Time: 16.2s
    Checkpoints: @100:0.1019 | @200:0.0955 | @400:0.0905 | @600:0.0897 | @800:0.0860 | @1000:0.0860

  [19/40] Optuna_TPE seed=8
    Final: 0.082250 | Time: 16.1s
    Checkpoints: @100:0.0853 | @200:0.0853 | @400:0.0834 | @600:0.0828 | @800:0.0826 | @1000:0.0822

  [20/40] Optuna_TPE seed=9
    Final: 0.082453 | Time: 16.4s
    Checkpoints: @100:0.0895 | @200:0.0847 | @400:0.0831 | @600:0.0826 | @800:0.0825 | @1000:0.0825

  Optuna_TPE Summary:
    @100: 0.092500 ± 0.005017
    @200: 0.087852 ± 0.003706
    @400: 0.084575 ± 0.002133
    @600: 0.083913 ± 0.002293
    @800: 0.083380 ± 0.001554
    @1000: 0.082705 ± 0.001356

============================================================
Running TuRBO_M...
============================================================

  [21/40] TuRBO_M seed=0
    Final: 0.082249 | Time: 182.1s
    Checkpoints: @100:0.0966 | @200:0.0915 | @400:0.0862 | @600:0.0860 | @800:0.0860 | @1000:0.0822

  [22/40] TuRBO_M seed=1
    Final: 0.082137 | Time: 179.1s
    Checkpoints: @100:0.1049 | @200:0.0863 | @400:0.0822 | @600:0.0821 | @800:0.0821 | @1000:0.0821

  [23/40] TuRBO_M seed=2
    Final: 0.081447 | Time: 185.0s
    Checkpoints: @100:0.0939 | @200:0.0935 | @400:0.0844 | @600:0.0814 | @800:0.0814 | @1000:0.0814

  [24/40] TuRBO_M seed=3
    Final: 0.085368 | Time: 182.8s
    Checkpoints: @100:0.1057 | @200:0.0914 | @400:0.0857 | @600:0.0854 | @800:0.0854 | @1000:0.0854

  [25/40] TuRBO_M seed=4
    Final: 0.085201 | Time: 181.0s
    Checkpoints: @100:0.1018 | @200:0.0971 | @400:0.0862 | @600:0.0858 | @800:0.0858 | @1000:0.0852

  [26/40] TuRBO_M seed=5
    Final: 0.085157 | Time: 187.8s
    Checkpoints: @100:0.0929 | @200:0.0920 | @400:0.0862 | @600:0.0852 | @800:0.0852 | @1000:0.0852

  [27/40] TuRBO_M seed=6
    Final: 0.085829 | Time: 188.4s
    Checkpoints: @100:0.1000 | @200:0.0875 | @400:0.0863 | @600:0.0858 | @800:0.0858 | @1000:0.0858

  [28/40] TuRBO_M seed=7
    Final: 0.086928 | Time: 181.5s
    Checkpoints: @100:0.0936 | @200:0.0885 | @400:0.0885 | @600:0.0872 | @800:0.0872 | @1000:0.0869

  [29/40] TuRBO_M seed=8
    Final: 0.085993 | Time: 181.7s
    Checkpoints: @100:0.1014 | @200:0.0936 | @400:0.0864 | @600:0.0861 | @800:0.0861 | @1000:0.0860

  [30/40] TuRBO_M seed=9
    Final: 0.086014 | Time: 179.7s
    Checkpoints: @100:0.1004 | @200:0.0897 | @400:0.0877 | @600:0.0860 | @800:0.0860 | @1000:0.0860

  TuRBO_M Summary:
    @100: 0.099119 ± 0.004410
    @200: 0.091125 ± 0.003072
    @400: 0.085983 ± 0.001640
    @600: 0.085113 ± 0.001741
    @800: 0.085112 ± 0.001741
    @1000: 0.084632 ± 0.001835

============================================================
Running ALBA...
============================================================

  [31/40] ALBA seed=0
    Final: 0.084476 | Time: 6.1s
    Checkpoints: @100:0.1065 | @200:0.0997 | @400:0.0912 | @600:0.0902 | @800:0.0852 | @1000:0.0845

  [32/40] ALBA seed=1
    Final: 0.086304 | Time: 5.9s
    Checkpoints: @100:0.1030 | @200:0.1030 | @400:0.0888 | @600:0.0876 | @800:0.0876 | @1000:0.0863

  [33/40] ALBA seed=2
    Final: 0.085802 | Time: 5.9s
    Checkpoints: @100:0.1030 | @200:0.0899 | @400:0.0887 | @600:0.0884 | @800:0.0866 | @1000:0.0858

  [34/40] ALBA seed=3
    Final: 0.087598 | Time: 5.9s
    Checkpoints: @100:0.1043 | @200:0.1043 | @400:0.0940 | @600:0.0940 | @800:0.0903 | @1000:0.0876

  [35/40] ALBA seed=4
    Final: 0.084578 | Time: 6.0s
    Checkpoints: @100:0.1050 | @200:0.0962 | @400:0.0888 | @600:0.0868 | @800:0.0851 | @1000:0.0846

  [36/40] ALBA seed=5
    Final: 0.085165 | Time: 5.9s
    Checkpoints: @100:0.0883 | @200:0.0883 | @400:0.0877 | @600:0.0877 | @800:0.0869 | @1000:0.0852

  [37/40] ALBA seed=6
    Final: 0.085555 | Time: 5.9s
    Checkpoints: @100:0.0945 | @200:0.0945 | @400:0.0882 | @600:0.0882 | @800:0.0877 | @1000:0.0856

  [38/40] ALBA seed=7
    Final: 0.085552 | Time: 6.0s
    Checkpoints: @100:0.1057 | @200:0.0944 | @400:0.0944 | @600:0.0900 | @800:0.0896 | @1000:0.0856

  [39/40] ALBA seed=8
    Final: 0.088141 | Time: 5.9s
    Checkpoints: @100:0.1041 | @200:0.1019 | @400:0.0924 | @600:0.0903 | @800:0.0896 | @1000:0.0881

  [40/40] ALBA seed=9
    Final: 0.084722 | Time: 6.0s
    Checkpoints: @100:0.0894 | @200:0.0894 | @400:0.0886 | @600:0.0871 | @800:0.0870 | @1000:0.0847

  ALBA Summary:
    @100: 0.100379 ± 0.006565
    @200: 0.096145 ± 0.005576
    @400: 0.090290 ± 0.002363
    @600: 0.089035 ± 0.002041
    @800: 0.087563 ± 0.001716
    @1000: 0.085789 ± 0.001179

================================================================================
FINAL RESULTS - CHECKPOINT COMPARISON
================================================================================
Optimizer       | @ 100 | @ 200 | @ 400 | @ 600 | @ 800 | @1000
---------------------------------------------------------------
Random          | 0.1070 | 0.1024 | 0.0967 | 0.0951 | 0.0947 | 0.0941 | 
Optuna_TPE      | 0.0925 | 0.0879 | 0.0846 | 0.0839 | 0.0834 | 0.0827 | 
TuRBO_M         | 0.0991 | 0.0911 | 0.0860 | 0.0851 | 0.0851 | 0.0846 | 
ALBA            | 0.1004 | 0.0961 | 0.0903 | 0.0890 | 0.0876 | 0.0858 | 

------------------------------------------------------------
RANKING PER CHECKPOINT
------------------------------------------------------------

@100 evaluations:
  1. Optuna_TPE     : 0.092500 ± 0.005017
  2. TuRBO_M        : 0.099119 ± 0.004410
  3. ALBA           : 0.100379 ± 0.006565
  4. Random         : 0.107002 ± 0.011095

@200 evaluations:
  1. Optuna_TPE     : 0.087852 ± 0.003706
  2. TuRBO_M        : 0.091125 ± 0.003072
  3. ALBA           : 0.096145 ± 0.005576
  4. Random         : 0.102406 ± 0.009280

@400 evaluations:
  1. Optuna_TPE     : 0.084575 ± 0.002133
  2. TuRBO_M        : 0.085983 ± 0.001640
  3. ALBA           : 0.090290 ± 0.002363
  4. Random         : 0.096690 ± 0.007089

@600 evaluations:
  1. Optuna_TPE     : 0.083913 ± 0.002293
  2. TuRBO_M        : 0.085113 ± 0.001741
  3. ALBA           : 0.089035 ± 0.002041
  4. Random         : 0.095109 ± 0.005584

@800 evaluations:
  1. Optuna_TPE     : 0.083380 ± 0.001554
  2. TuRBO_M        : 0.085112 ± 0.001741
  3. ALBA           : 0.087563 ± 0.001716
  4. Random         : 0.094703 ± 0.005669

@1000 evaluations:
  1. Optuna_TPE     : 0.082705 ± 0.001356
  2. TuRBO_M        : 0.084632 ± 0.001835
  3. ALBA           : 0.085789 ± 0.001179
  4. Random         : 0.094092 ± 0.005542
  Plot saved: /mnt/workspace/thesis/results/jahs_checkpoints/convergence_cifar10_20251228_141047.png

JSON results saved: /mnt/workspace/thesis/results/jahs_checkpoints/results_cifar10_20251228_141047.json

================================================================================
BENCHMARK COMPLETED
================================================================================
