nohup: ignoring input
================================================================================
JAHS-BENCH-201 BENCHMARK WITH CHECKPOINTS
================================================================================
Task: cifar10
Max Budget: 2000
Checkpoints: [100, 200, 400, 600, 800, 1000, 1500, 2000]
Seeds: 10 (starting from 10)
Optimizers: ['Random', 'Optuna_TPE', 'TuRBO_M', 'ALBA']
Smoke Test: False
Output: /mnt/workspace/thesis/results/jahs_checkpoints/benchmark_cifar10_20251228_153004.txt
================================================================================

Initializing JAHS-Bench-201...
Config space dimension: 13

============================================================
Running Random...
============================================================

  [1/40] Random seed=10
    Final: 0.093895 | Time: 5.2s
    Checkpoints: @100:0.1120 | @200:0.0985 | @400:0.0985 | @600:0.0985 | @800:0.0967 | @1000:0.0967 | @1500:0.0947 | @2000:0.0939

  [2/40] Random seed=11
    Final: 0.091777 | Time: 5.1s
    Checkpoints: @100:0.1225 | @200:0.1025 | @400:0.0967 | @600:0.0967 | @800:0.0967 | @1000:0.0965 | @1500:0.0965 | @2000:0.0918

  [3/40] Random seed=12
    Final: 0.090303 | Time: 5.1s
    Checkpoints: @100:0.1046 | @200:0.1046 | @400:0.0903 | @600:0.0903 | @800:0.0903 | @1000:0.0903 | @1500:0.0903 | @2000:0.0903

  [4/40] Random seed=13
    Final: 0.094755 | Time: 5.1s
    Checkpoints: @100:0.0999 | @200:0.0999 | @400:0.0999 | @600:0.0999 | @800:0.0999 | @1000:0.0948 | @1500:0.0948 | @2000:0.0948

  [5/40] Random seed=14
    Final: 0.095240 | Time: 5.1s
    Checkpoints: @100:0.0952 | @200:0.0952 | @400:0.0952 | @600:0.0952 | @800:0.0952 | @1000:0.0952 | @1500:0.0952 | @2000:0.0952

  [6/40] Random seed=15
    Final: 0.092985 | Time: 5.0s
    Checkpoints: @100:0.1095 | @200:0.0948 | @400:0.0948 | @600:0.0948 | @800:0.0948 | @1000:0.0948 | @1500:0.0948 | @2000:0.0930

  [7/40] Random seed=16
    Final: 0.090621 | Time: 5.0s
    Checkpoints: @100:0.1068 | @200:0.1068 | @400:0.1068 | @600:0.1052 | @800:0.1005 | @1000:0.1002 | @1500:0.0906 | @2000:0.0906

  [8/40] Random seed=17
    Final: 0.092852 | Time: 4.9s
    Checkpoints: @100:0.0929 | @200:0.0929 | @400:0.0929 | @600:0.0929 | @800:0.0929 | @1000:0.0929 | @1500:0.0929 | @2000:0.0929

  [9/40] Random seed=18
    Final: 0.091523 | Time: 5.0s
    Checkpoints: @100:0.1028 | @200:0.1010 | @400:0.1010 | @600:0.0987 | @800:0.0987 | @1000:0.0915 | @1500:0.0915 | @2000:0.0915

  [10/40] Random seed=19
    Final: 0.096637 | Time: 4.9s
    Checkpoints: @100:0.1173 | @200:0.1169 | @400:0.0966 | @600:0.0966 | @800:0.0966 | @1000:0.0966 | @1500:0.0966 | @2000:0.0966

  Random Summary:
    @100: 0.106350 ± 0.008865
    @200: 0.101320 ± 0.006684
    @400: 0.097273 ± 0.004381
    @600: 0.096891 ± 0.003891
    @800: 0.096243 ± 0.002969
    @1000: 0.094957 ± 0.002716
    @1500: 0.093800 ± 0.002207
    @2000: 0.093059 ± 0.001968

============================================================
Running Optuna_TPE...
============================================================

  [11/40] Optuna_TPE seed=10
    Final: 0.083198 | Time: 52.7s
    Checkpoints: @100:0.0959 | @200:0.0914 | @400:0.0866 | @600:0.0852 | @800:0.0837 | @1000:0.0835 | @1500:0.0832 | @2000:0.0832

  [12/40] Optuna_TPE seed=11
    Final: 0.081536 | Time: 52.6s
    Checkpoints: @100:0.1047 | @200:0.0949 | @400:0.0890 | @600:0.0890 | @800:0.0875 | @1000:0.0875 | @1500:0.0836 | @2000:0.0815

  [13/40] Optuna_TPE seed=12
    Final: 0.081363 | Time: 52.8s
    Checkpoints: @100:0.0874 | @200:0.0852 | @400:0.0841 | @600:0.0821 | @800:0.0814 | @1000:0.0814 | @1500:0.0814 | @2000:0.0814

  [14/40] Optuna_TPE seed=13
    Final: 0.080694 | Time: 52.7s
    Checkpoints: @100:0.0912 | @200:0.0863 | @400:0.0837 | @600:0.0833 | @800:0.0833 | @1000:0.0830 | @1500:0.0830 | @2000:0.0807

  [15/40] Optuna_TPE seed=14
    Final: 0.080665 | Time: 52.7s
    Checkpoints: @100:0.0922 | @200:0.0848 | @400:0.0815 | @600:0.0807 | @800:0.0807 | @1000:0.0807 | @1500:0.0807 | @2000:0.0807

  [16/40] Optuna_TPE seed=15
    Final: 0.082558 | Time: 52.4s
    Checkpoints: @100:0.0907 | @200:0.0869 | @400:0.0847 | @600:0.0834 | @800:0.0826 | @1000:0.0826 | @1500:0.0826 | @2000:0.0826

  [17/40] Optuna_TPE seed=16
    Final: 0.080626 | Time: 52.6s
    Checkpoints: @100:0.0879 | @200:0.0879 | @400:0.0852 | @600:0.0847 | @800:0.0830 | @1000:0.0830 | @1500:0.0830 | @2000:0.0806

  [18/40] Optuna_TPE seed=17
    Final: 0.082208 | Time: 52.6s
    Checkpoints: @100:0.0902 | @200:0.0893 | @400:0.0861 | @600:0.0861 | @800:0.0828 | @1000:0.0824 | @1500:0.0824 | @2000:0.0822

  [19/40] Optuna_TPE seed=18
    Final: 0.080864 | Time: 53.4s
    Checkpoints: @100:0.0990 | @200:0.0872 | @400:0.0849 | @600:0.0843 | @800:0.0836 | @1000:0.0836 | @1500:0.0811 | @2000:0.0809

  [20/40] Optuna_TPE seed=19
    Final: 0.082202 | Time: 52.6s
    Checkpoints: @100:0.0904 | @200:0.0886 | @400:0.0835 | @600:0.0831 | @800:0.0831 | @1000:0.0824 | @1500:0.0822 | @2000:0.0822

  Optuna_TPE Summary:
    @100: 0.092954 ± 0.005128
    @200: 0.088249 ± 0.002885
    @400: 0.084907 ± 0.001936
    @600: 0.084184 ± 0.002181
    @800: 0.083160 ± 0.001714
    @1000: 0.083009 ± 0.001722
    @1500: 0.082311 ± 0.000930
    @2000: 0.081591 ± 0.000863

============================================================
Running TuRBO_M...
============================================================

  [21/40] TuRBO_M seed=10
    Final: 0.081852 | Time: 375.3s
    Checkpoints: @100:0.1105 | @200:0.0919 | @400:0.0853 | @600:0.0847 | @800:0.0847 | @1000:0.0819 | @1500:0.0819 | @2000:0.0819

  [22/40] TuRBO_M seed=11
    Final: 0.083075 | Time: 367.0s
    Checkpoints: @100:0.1029 | @200:0.0958 | @400:0.0831 | @600:0.0831 | @800:0.0831 | @1000:0.0831 | @1500:0.0831 | @2000:0.0831

  [23/40] TuRBO_M seed=12
    Final: 0.083609 | Time: 381.8s
    Checkpoints: @100:0.1083 | @200:0.0932 | @400:0.0868 | @600:0.0843 | @800:0.0836 | @1000:0.0836 | @1500:0.0836 | @2000:0.0836

  [24/40] TuRBO_M seed=13
    Final: 0.085087 | Time: 384.6s
    Checkpoints: @100:0.0972 | @200:0.0914 | @400:0.0860 | @600:0.0853 | @800:0.0853 | @1000:0.0851 | @1500:0.0851 | @2000:0.0851

  [25/40] TuRBO_M seed=14
    Final: 0.081818 | Time: 375.3s
    Checkpoints: @100:0.1075 | @200:0.0939 | @400:0.0890 | @600:0.0862 | @800:0.0861 | @1000:0.0861 | @1500:0.0818 | @2000:0.0818

  [26/40] TuRBO_M seed=15
    Final: 0.083243 | Time: 369.0s
    Checkpoints: @100:0.1161 | @200:0.0863 | @400:0.0857 | @600:0.0853 | @800:0.0833 | @1000:0.0832 | @1500:0.0832 | @2000:0.0832

  [27/40] TuRBO_M seed=16
    Final: 0.083620 | Time: 380.0s
    Checkpoints: @100:0.0998 | @200:0.0920 | @400:0.0882 | @600:0.0880 | @800:0.0880 | @1000:0.0862 | @1500:0.0862 | @2000:0.0836

  [28/40] TuRBO_M seed=17
    Final: 0.083641 | Time: 382.2s
    Checkpoints: @100:0.0909 | @200:0.0909 | @400:0.0877 | @600:0.0873 | @800:0.0852 | @1000:0.0852 | @1500:0.0846 | @2000:0.0836

  [29/40] TuRBO_M seed=18
    Final: 0.081673 | Time: 381.0s
    Checkpoints: @100:0.0917 | @200:0.0917 | @400:0.0836 | @600:0.0817 | @800:0.0817 | @1000:0.0817 | @1500:0.0817 | @2000:0.0817

  [30/40] TuRBO_M seed=19
    Final: 0.085056 | Time: 372.4s
    Checkpoints: @100:0.1136 | @200:0.0934 | @400:0.0876 | @600:0.0851 | @800:0.0851 | @1000:0.0851 | @1500:0.0851 | @2000:0.0851

  TuRBO_M Summary:
    @100: 0.103854 ± 0.008362
    @200: 0.092037 ± 0.002339
    @400: 0.086314 ± 0.001831
    @600: 0.085073 ± 0.001761
    @800: 0.084591 ± 0.001687
    @1000: 0.084110 ± 0.001566
    @1500: 0.083625 ± 0.001502
    @2000: 0.083268 ± 0.001165

============================================================
Running ALBA...
============================================================

  [31/40] ALBA seed=10
    Final: 0.085337 | Time: 12.4s
    Checkpoints: @100:0.0906 | @200:0.0906 | @400:0.0895 | @600:0.0893 | @800:0.0893 | @1000:0.0871 | @1500:0.0855 | @2000:0.0853

  [32/40] ALBA seed=11
    Final: 0.085245 | Time: 12.4s
    Checkpoints: @100:0.0976 | @200:0.0908 | @400:0.0893 | @600:0.0893 | @800:0.0893 | @1000:0.0874 | @1500:0.0874 | @2000:0.0852

  [33/40] ALBA seed=12
    Final: 0.082924 | Time: 12.8s
    Checkpoints: @100:0.0890 | @200:0.0868 | @400:0.0868 | @600:0.0862 | @800:0.0862 | @1000:0.0862 | @1500:0.0844 | @2000:0.0829

  [34/40] ALBA seed=13
    Final: 0.084757 | Time: 12.2s
    Checkpoints: @100:0.0916 | @200:0.0916 | @400:0.0882 | @600:0.0882 | @800:0.0882 | @1000:0.0882 | @1500:0.0872 | @2000:0.0848

  [35/40] ALBA seed=14
    Final: 0.081154 | Time: 12.4s
    Checkpoints: @100:0.0944 | @200:0.0940 | @400:0.0906 | @600:0.0906 | @800:0.0890 | @1000:0.0885 | @1500:0.0883 | @2000:0.0812

  [36/40] ALBA seed=15
    Final: 0.084494 | Time: 12.5s
    Checkpoints: @100:0.0863 | @200:0.0863 | @400:0.0863 | @600:0.0863 | @800:0.0863 | @1000:0.0863 | @1500:0.0863 | @2000:0.0845

  [37/40] ALBA seed=16
    Final: 0.082752 | Time: 12.5s
    Checkpoints: @100:0.0873 | @200:0.0873 | @400:0.0873 | @600:0.0873 | @800:0.0873 | @1000:0.0873 | @1500:0.0855 | @2000:0.0828

  [38/40] ALBA seed=17
    Final: 0.084769 | Time: 12.7s
    Checkpoints: @100:0.0884 | @200:0.0884 | @400:0.0882 | @600:0.0882 | @800:0.0860 | @1000:0.0860 | @1500:0.0858 | @2000:0.0848

  [39/40] ALBA seed=18
    Final: 0.081812 | Time: 12.4s
    Checkpoints: @100:0.1083 | @200:0.0900 | @400:0.0845 | @600:0.0845 | @800:0.0845 | @1000:0.0845 | @1500:0.0838 | @2000:0.0818

  [40/40] ALBA seed=19
    Final: 0.084403 | Time: 12.3s
    Checkpoints: @100:0.1037 | @200:0.0980 | @400:0.0902 | @600:0.0902 | @800:0.0902 | @1000:0.0899 | @1500:0.0857 | @2000:0.0844

  ALBA Summary:
    @100: 0.093719 ± 0.006993
    @200: 0.090372 ± 0.003385
    @400: 0.088089 ± 0.001812
    @600: 0.088003 ± 0.001854
    @800: 0.087622 ± 0.001773
    @1000: 0.087126 ± 0.001440
    @1500: 0.085996 ± 0.001287
    @2000: 0.083765 ± 0.001412

================================================================================
FINAL RESULTS - CHECKPOINT COMPARISON
================================================================================
Optimizer       | @ 100 | @ 200 | @ 400 | @ 600 | @ 800 | @1000 | @1500 | @2000
-------------------------------------------------------------------------------
Random          | 0.1063 | 0.1013 | 0.0973 | 0.0969 | 0.0962 | 0.0950 | 0.0938 | 0.0931 | 
Optuna_TPE      | 0.0930 | 0.0882 | 0.0849 | 0.0842 | 0.0832 | 0.0830 | 0.0823 | 0.0816 | 
TuRBO_M         | 0.1039 | 0.0920 | 0.0863 | 0.0851 | 0.0846 | 0.0841 | 0.0836 | 0.0833 | 
ALBA            | 0.0937 | 0.0904 | 0.0881 | 0.0880 | 0.0876 | 0.0871 | 0.0860 | 0.0838 | 

------------------------------------------------------------
RANKING PER CHECKPOINT
------------------------------------------------------------

@100 evaluations:
  1. Optuna_TPE     : 0.092954 ± 0.005128
  2. ALBA           : 0.093719 ± 0.006993
  3. TuRBO_M        : 0.103854 ± 0.008362
  4. Random         : 0.106350 ± 0.008865

@200 evaluations:
  1. Optuna_TPE     : 0.088249 ± 0.002885
  2. ALBA           : 0.090372 ± 0.003385
  3. TuRBO_M        : 0.092037 ± 0.002339
  4. Random         : 0.101320 ± 0.006684

@400 evaluations:
  1. Optuna_TPE     : 0.084907 ± 0.001936
  2. TuRBO_M        : 0.086314 ± 0.001831
  3. ALBA           : 0.088089 ± 0.001812
  4. Random         : 0.097273 ± 0.004381

@600 evaluations:
  1. Optuna_TPE     : 0.084184 ± 0.002181
  2. TuRBO_M        : 0.085073 ± 0.001761
  3. ALBA           : 0.088003 ± 0.001854
  4. Random         : 0.096891 ± 0.003891

@800 evaluations:
  1. Optuna_TPE     : 0.083160 ± 0.001714
  2. TuRBO_M        : 0.084591 ± 0.001687
  3. ALBA           : 0.087622 ± 0.001773
  4. Random         : 0.096243 ± 0.002969

@1000 evaluations:
  1. Optuna_TPE     : 0.083009 ± 0.001722
  2. TuRBO_M        : 0.084110 ± 0.001566
  3. ALBA           : 0.087126 ± 0.001440
  4. Random         : 0.094957 ± 0.002716

@1500 evaluations:
  1. Optuna_TPE     : 0.082311 ± 0.000930
  2. TuRBO_M        : 0.083625 ± 0.001502
  3. ALBA           : 0.085996 ± 0.001287
  4. Random         : 0.093800 ± 0.002207

@2000 evaluations:
  1. Optuna_TPE     : 0.081591 ± 0.000863
  2. TuRBO_M        : 0.083268 ± 0.001165
  3. ALBA           : 0.083765 ± 0.001412
  4. Random         : 0.093059 ± 0.001968
  Plot saved: /mnt/workspace/thesis/results/jahs_checkpoints/convergence_cifar10_20251228_153004.png

JSON results saved: /mnt/workspace/thesis/results/jahs_checkpoints/results_cifar10_20251228_153004.json

================================================================================
BENCHMARK COMPLETED
================================================================================
